[2021-01-06 10:01:24] local.ERROR: Command "servephp" is not defined. {"exception":"[object] (Symfony\\Component\\Console\\Exception\\CommandNotFoundException(code: 0): Command \"servephp\" is not defined. at D:\\xampp\\htdocs\\Grecon\\vendor\\symfony\\console\\Application.php:676)
[stacktrace]
#0 D:\\xampp\\htdocs\\Grecon\\vendor\\symfony\\console\\Application.php(237): Symfony\\Component\\Console\\Application->find('servephp')
#1 D:\\xampp\\htdocs\\Grecon\\vendor\\symfony\\console\\Application.php(149): Symfony\\Component\\Console\\Application->doRun(Object(Symfony\\Component\\Console\\Input\\ArgvInput), Object(Symfony\\Component\\Console\\Output\\ConsoleOutput))
#2 D:\\xampp\\htdocs\\Grecon\\vendor\\laravel\\framework\\src\\Illuminate\\Console\\Application.php(90): Symfony\\Component\\Console\\Application->run(Object(Symfony\\Component\\Console\\Input\\ArgvInput), Object(Symfony\\Component\\Console\\Output\\ConsoleOutput))
#3 D:\\xampp\\htdocs\\Grecon\\vendor\\laravel\\framework\\src\\Illuminate\\Foundation\\Console\\Kernel.php(133): Illuminate\\Console\\Application->run(Object(Symfony\\Component\\Console\\Input\\ArgvInput), Object(Symfony\\Component\\Console\\Output\\ConsoleOutput))
#4 D:\\xampp\\htdocs\\Grecon\\artisan(37): Illuminate\\Foundation\\Console\\Kernel->handle(Object(Symfony\\Component\\Console\\Input\\ArgvInput), Object(Symfony\\Component\\Console\\Output\\ConsoleOutput))
#5 {main}
"} 
[2021-01-06 11:50:03] local.ERROR: syntax error, unexpected 'Class' (T_CLASS), expecting identifier (T_STRING) {"exception":"[object] (Symfony\\Component\\Debug\\Exception\\FatalErrorException(code: 4): syntax error, unexpected 'Class' (T_CLASS), expecting identifier (T_STRING) at D:\\xampp\\htdocs\\Grecon\\app\\Class.php:7)
[stacktrace]
#0 {main}
"} 
[2021-01-06 11:51:01] local.ERROR: syntax error, unexpected 'Class' (T_CLASS), expecting identifier (T_STRING) {"exception":"[object] (Symfony\\Component\\Debug\\Exception\\FatalErrorException(code: 4): syntax error, unexpected 'Class' (T_CLASS), expecting identifier (T_STRING) at D:\\xampp\\htdocs\\Grecon\\app\\Class.php:7)
[stacktrace]
#0 {main}
"} 
[2021-01-06 11:52:01] local.ERROR: syntax error, unexpected 'Class' (T_CLASS), expecting identifier (T_STRING) {"exception":"[object] (Symfony\\Component\\Debug\\Exception\\FatalErrorException(code: 4): syntax error, unexpected 'Class' (T_CLASS), expecting identifier (T_STRING) at D:\\xampp\\htdocs\\Grecon\\app\\Class.php:7)
[stacktrace]
#0 {main}
"} 
[2021-01-06 11:53:01] local.ERROR: syntax error, unexpected 'Class' (T_CLASS), expecting identifier (T_STRING) {"exception":"[object] (Symfony\\Component\\Debug\\Exception\\FatalErrorException(code: 4): syntax error, unexpected 'Class' (T_CLASS), expecting identifier (T_STRING) at D:\\xampp\\htdocs\\Grecon\\app\\Class.php:7)
[stacktrace]
#0 {main}
"} 
[2021-01-06 11:54:01] local.ERROR: syntax error, unexpected 'Class' (T_CLASS), expecting identifier (T_STRING) {"exception":"[object] (Symfony\\Component\\Debug\\Exception\\FatalErrorException(code: 4): syntax error, unexpected 'Class' (T_CLASS), expecting identifier (T_STRING) at D:\\xampp\\htdocs\\Grecon\\app\\Class.php:7)
[stacktrace]
#0 {main}
"} 
[2021-01-06 11:55:01] local.ERROR: syntax error, unexpected 'Class' (T_CLASS), expecting identifier (T_STRING) {"exception":"[object] (Symfony\\Component\\Debug\\Exception\\FatalErrorException(code: 4): syntax error, unexpected 'Class' (T_CLASS), expecting identifier (T_STRING) at D:\\xampp\\htdocs\\Grecon\\app\\Class.php:7)
[stacktrace]
#0 {main}
"} 
[2021-01-06 11:56:01] local.ERROR: syntax error, unexpected 'Class' (T_CLASS), expecting identifier (T_STRING) {"exception":"[object] (Symfony\\Component\\Debug\\Exception\\FatalErrorException(code: 4): syntax error, unexpected 'Class' (T_CLASS), expecting identifier (T_STRING) at D:\\xampp\\htdocs\\Grecon\\app\\Class.php:7)
[stacktrace]
#0 {main}
"} 
[2021-01-06 13:39:34] local.ERROR: syntax error, unexpected 'Class' (T_CLASS), expecting identifier (T_STRING) {"exception":"[object] (Symfony\\Component\\Debug\\Exception\\FatalErrorException(code: 4): syntax error, unexpected 'Class' (T_CLASS), expecting identifier (T_STRING) at D:\\xampp\\htdocs\\Grecon\\app\\Class.php:7)
[stacktrace]
#0 {main}
"} 
[2021-01-06 13:40:23] local.ERROR: syntax error, unexpected 'Class' (T_CLASS), expecting identifier (T_STRING) {"exception":"[object] (Symfony\\Component\\Debug\\Exception\\FatalErrorException(code: 4): syntax error, unexpected 'Class' (T_CLASS), expecting identifier (T_STRING) at D:\\xampp\\htdocs\\Grecon\\app\\Class.php:7)
[stacktrace]
#0 {main}
"} 
[2021-01-06 13:41:23] local.ERROR: syntax error, unexpected 'Class' (T_CLASS), expecting identifier (T_STRING) {"exception":"[object] (Symfony\\Component\\Debug\\Exception\\FatalErrorException(code: 4): syntax error, unexpected 'Class' (T_CLASS), expecting identifier (T_STRING) at D:\\xampp\\htdocs\\Grecon\\app\\Class.php:7)
[stacktrace]
#0 {main}
"} 
[2021-01-06 13:42:23] local.ERROR: syntax error, unexpected 'Class' (T_CLASS), expecting identifier (T_STRING) {"exception":"[object] (Symfony\\Component\\Debug\\Exception\\FatalErrorException(code: 4): syntax error, unexpected 'Class' (T_CLASS), expecting identifier (T_STRING) at D:\\xampp\\htdocs\\Grecon\\app\\Class.php:7)
[stacktrace]
#0 {main}
"} 
[2021-01-06 13:43:23] local.ERROR: syntax error, unexpected 'Class' (T_CLASS), expecting identifier (T_STRING) {"exception":"[object] (Symfony\\Component\\Debug\\Exception\\FatalErrorException(code: 4): syntax error, unexpected 'Class' (T_CLASS), expecting identifier (T_STRING) at D:\\xampp\\htdocs\\Grecon\\app\\Class.php:7)
[stacktrace]
#0 {main}
"} 
[2021-01-06 13:44:23] local.ERROR: syntax error, unexpected 'Class' (T_CLASS), expecting identifier (T_STRING) {"exception":"[object] (Symfony\\Component\\Debug\\Exception\\FatalErrorException(code: 4): syntax error, unexpected 'Class' (T_CLASS), expecting identifier (T_STRING) at D:\\xampp\\htdocs\\Grecon\\app\\Class.php:7)
[stacktrace]
#0 {main}
"} 
[2021-01-06 13:45:23] local.ERROR: syntax error, unexpected 'Class' (T_CLASS), expecting identifier (T_STRING) {"exception":"[object] (Symfony\\Component\\Debug\\Exception\\FatalErrorException(code: 4): syntax error, unexpected 'Class' (T_CLASS), expecting identifier (T_STRING) at D:\\xampp\\htdocs\\Grecon\\app\\Class.php:7)
[stacktrace]
#0 {main}
"} 
[2021-01-06 13:46:23] local.ERROR: syntax error, unexpected 'Class' (T_CLASS), expecting identifier (T_STRING) {"exception":"[object] (Symfony\\Component\\Debug\\Exception\\FatalErrorException(code: 4): syntax error, unexpected 'Class' (T_CLASS), expecting identifier (T_STRING) at D:\\xampp\\htdocs\\Grecon\\app\\Class.php:7)
[stacktrace]
#0 {main}
"} 
[2021-01-06 13:47:23] local.ERROR: syntax error, unexpected 'Class' (T_CLASS), expecting identifier (T_STRING) {"exception":"[object] (Symfony\\Component\\Debug\\Exception\\FatalErrorException(code: 4): syntax error, unexpected 'Class' (T_CLASS), expecting identifier (T_STRING) at D:\\xampp\\htdocs\\Grecon\\app\\Class.php:7)
[stacktrace]
#0 {main}
"} 
[2021-01-06 13:48:23] local.ERROR: syntax error, unexpected 'Class' (T_CLASS), expecting identifier (T_STRING) {"exception":"[object] (Symfony\\Component\\Debug\\Exception\\FatalErrorException(code: 4): syntax error, unexpected 'Class' (T_CLASS), expecting identifier (T_STRING) at D:\\xampp\\htdocs\\Grecon\\app\\Class.php:7)
[stacktrace]
#0 {main}
"} 
[2021-01-06 13:49:23] local.ERROR: syntax error, unexpected 'Class' (T_CLASS), expecting identifier (T_STRING) {"exception":"[object] (Symfony\\Component\\Debug\\Exception\\FatalErrorException(code: 4): syntax error, unexpected 'Class' (T_CLASS), expecting identifier (T_STRING) at D:\\xampp\\htdocs\\Grecon\\app\\Class.php:7)
[stacktrace]
#0 {main}
"} 
[2021-01-06 13:49:26] local.ERROR: Cannot use Illuminate\support\Facades\File as File because the name is already in use {"exception":"[object] (Symfony\\Component\\Debug\\Exception\\FatalErrorException(code: 64): Cannot use Illuminate\\support\\Facades\\File as File because the name is already in use at D:\\xampp\\htdocs\\Grecon\\app\\Http\\Controllers\\iconsController.php:9)
[stacktrace]
#0 {main}
"} 
[2021-01-06 13:50:11] local.ERROR: Cannot use Illuminate\Support\Facades\File as File because the name is already in use {"exception":"[object] (Symfony\\Component\\Debug\\Exception\\FatalErrorException(code: 64): Cannot use Illuminate\\Support\\Facades\\File as File because the name is already in use at D:\\xampp\\htdocs\\Grecon\\app\\Http\\Controllers\\InstructorsController.php:12)
[stacktrace]
#0 {main}
"} 
[2021-01-06 13:50:23] local.ERROR: syntax error, unexpected 'Class' (T_CLASS), expecting identifier (T_STRING) {"exception":"[object] (Symfony\\Component\\Debug\\Exception\\FatalErrorException(code: 4): syntax error, unexpected 'Class' (T_CLASS), expecting identifier (T_STRING) at D:\\xampp\\htdocs\\Grecon\\app\\Class.php:7)
[stacktrace]
#0 {main}
"} 
[2021-01-06 13:51:23] local.ERROR: syntax error, unexpected 'Class' (T_CLASS), expecting identifier (T_STRING) {"exception":"[object] (Symfony\\Component\\Debug\\Exception\\FatalErrorException(code: 4): syntax error, unexpected 'Class' (T_CLASS), expecting identifier (T_STRING) at D:\\xampp\\htdocs\\Grecon\\app\\Class.php:7)
[stacktrace]
#0 {main}
"} 
[2021-01-06 13:52:23] local.ERROR: syntax error, unexpected 'Class' (T_CLASS), expecting identifier (T_STRING) {"exception":"[object] (Symfony\\Component\\Debug\\Exception\\FatalErrorException(code: 4): syntax error, unexpected 'Class' (T_CLASS), expecting identifier (T_STRING) at D:\\xampp\\htdocs\\Grecon\\app\\Class.php:7)
[stacktrace]
#0 {main}
"} 
[2021-01-06 13:53:23] local.ERROR: syntax error, unexpected 'Class' (T_CLASS), expecting identifier (T_STRING) {"exception":"[object] (Symfony\\Component\\Debug\\Exception\\FatalErrorException(code: 4): syntax error, unexpected 'Class' (T_CLASS), expecting identifier (T_STRING) at D:\\xampp\\htdocs\\Grecon\\app\\Class.php:7)
[stacktrace]
#0 {main}
"} 
[2021-01-06 13:54:23] local.ERROR: syntax error, unexpected 'Class' (T_CLASS), expecting identifier (T_STRING) {"exception":"[object] (Symfony\\Component\\Debug\\Exception\\FatalErrorException(code: 4): syntax error, unexpected 'Class' (T_CLASS), expecting identifier (T_STRING) at D:\\xampp\\htdocs\\Grecon\\app\\Class.php:7)
[stacktrace]
#0 {main}
"} 
[2021-01-06 13:55:23] local.ERROR: syntax error, unexpected 'Class' (T_CLASS), expecting identifier (T_STRING) {"exception":"[object] (Symfony\\Component\\Debug\\Exception\\FatalErrorException(code: 4): syntax error, unexpected 'Class' (T_CLASS), expecting identifier (T_STRING) at D:\\xampp\\htdocs\\Grecon\\app\\Class.php:7)
[stacktrace]
#0 {main}
"} 
[2021-01-06 13:56:23] local.ERROR: syntax error, unexpected 'Class' (T_CLASS), expecting identifier (T_STRING) {"exception":"[object] (Symfony\\Component\\Debug\\Exception\\FatalErrorException(code: 4): syntax error, unexpected 'Class' (T_CLASS), expecting identifier (T_STRING) at D:\\xampp\\htdocs\\Grecon\\app\\Class.php:7)
[stacktrace]
#0 {main}
"} 
[2021-01-06 13:57:23] local.ERROR: syntax error, unexpected 'Class' (T_CLASS), expecting identifier (T_STRING) {"exception":"[object] (Symfony\\Component\\Debug\\Exception\\FatalErrorException(code: 4): syntax error, unexpected 'Class' (T_CLASS), expecting identifier (T_STRING) at D:\\xampp\\htdocs\\Grecon\\app\\Class.php:7)
[stacktrace]
#0 {main}
"} 
[2021-01-06 13:58:23] local.ERROR: syntax error, unexpected 'Class' (T_CLASS), expecting identifier (T_STRING) {"exception":"[object] (Symfony\\Component\\Debug\\Exception\\FatalErrorException(code: 4): syntax error, unexpected 'Class' (T_CLASS), expecting identifier (T_STRING) at D:\\xampp\\htdocs\\Grecon\\app\\Class.php:7)
[stacktrace]
#0 {main}
"} 
[2021-01-06 13:59:23] local.ERROR: syntax error, unexpected 'Class' (T_CLASS), expecting identifier (T_STRING) {"exception":"[object] (Symfony\\Component\\Debug\\Exception\\FatalErrorException(code: 4): syntax error, unexpected 'Class' (T_CLASS), expecting identifier (T_STRING) at D:\\xampp\\htdocs\\Grecon\\app\\Class.php:7)
[stacktrace]
#0 {main}
"} 
[2021-01-06 14:00:23] local.ERROR: syntax error, unexpected 'Class' (T_CLASS), expecting identifier (T_STRING) {"exception":"[object] (Symfony\\Component\\Debug\\Exception\\FatalErrorException(code: 4): syntax error, unexpected 'Class' (T_CLASS), expecting identifier (T_STRING) at D:\\xampp\\htdocs\\Grecon\\app\\Class.php:7)
[stacktrace]
#0 {main}
"} 
[2021-01-06 14:01:23] local.ERROR: syntax error, unexpected 'Class' (T_CLASS), expecting identifier (T_STRING) {"exception":"[object] (Symfony\\Component\\Debug\\Exception\\FatalErrorException(code: 4): syntax error, unexpected 'Class' (T_CLASS), expecting identifier (T_STRING) at D:\\xampp\\htdocs\\Grecon\\app\\Class.php:7)
[stacktrace]
#0 {main}
"} 
[2021-01-06 14:02:23] local.ERROR: syntax error, unexpected 'Class' (T_CLASS), expecting identifier (T_STRING) {"exception":"[object] (Symfony\\Component\\Debug\\Exception\\FatalErrorException(code: 4): syntax error, unexpected 'Class' (T_CLASS), expecting identifier (T_STRING) at D:\\xampp\\htdocs\\Grecon\\app\\Class.php:7)
[stacktrace]
#0 {main}
"} 
[2021-01-06 14:03:23] local.ERROR: syntax error, unexpected 'Class' (T_CLASS), expecting identifier (T_STRING) {"exception":"[object] (Symfony\\Component\\Debug\\Exception\\FatalErrorException(code: 4): syntax error, unexpected 'Class' (T_CLASS), expecting identifier (T_STRING) at D:\\xampp\\htdocs\\Grecon\\app\\Class.php:7)
[stacktrace]
#0 {main}
"} 
[2021-01-06 14:04:23] local.ERROR: syntax error, unexpected 'Class' (T_CLASS), expecting identifier (T_STRING) {"exception":"[object] (Symfony\\Component\\Debug\\Exception\\FatalErrorException(code: 4): syntax error, unexpected 'Class' (T_CLASS), expecting identifier (T_STRING) at D:\\xampp\\htdocs\\Grecon\\app\\Class.php:7)
[stacktrace]
#0 {main}
"} 
[2021-01-06 14:05:23] local.ERROR: syntax error, unexpected 'Class' (T_CLASS), expecting identifier (T_STRING) {"exception":"[object] (Symfony\\Component\\Debug\\Exception\\FatalErrorException(code: 4): syntax error, unexpected 'Class' (T_CLASS), expecting identifier (T_STRING) at D:\\xampp\\htdocs\\Grecon\\app\\Class.php:7)
[stacktrace]
#0 {main}
"} 
[2021-01-06 14:06:23] local.ERROR: syntax error, unexpected 'Class' (T_CLASS), expecting identifier (T_STRING) {"exception":"[object] (Symfony\\Component\\Debug\\Exception\\FatalErrorException(code: 4): syntax error, unexpected 'Class' (T_CLASS), expecting identifier (T_STRING) at D:\\xampp\\htdocs\\Grecon\\app\\Class.php:7)
[stacktrace]
#0 {main}
"} 
[2021-01-06 14:06:33] local.ERROR: Cannot use Illuminate\support\Facades\File as File because the name is already in use {"exception":"[object] (Symfony\\Component\\Debug\\Exception\\FatalErrorException(code: 64): Cannot use Illuminate\\support\\Facades\\File as File because the name is already in use at D:\\xampp\\htdocs\\Grecon\\app\\Http\\Controllers\\iconsController.php:9)
[stacktrace]
#0 {main}
"} 
[2021-01-06 14:07:23] local.ERROR: syntax error, unexpected 'Class' (T_CLASS), expecting identifier (T_STRING) {"exception":"[object] (Symfony\\Component\\Debug\\Exception\\FatalErrorException(code: 4): syntax error, unexpected 'Class' (T_CLASS), expecting identifier (T_STRING) at D:\\xampp\\htdocs\\Grecon\\app\\Class.php:7)
[stacktrace]
#0 {main}
"} 
[2021-01-06 14:08:23] local.ERROR: syntax error, unexpected 'Class' (T_CLASS), expecting identifier (T_STRING) {"exception":"[object] (Symfony\\Component\\Debug\\Exception\\FatalErrorException(code: 4): syntax error, unexpected 'Class' (T_CLASS), expecting identifier (T_STRING) at D:\\xampp\\htdocs\\Grecon\\app\\Class.php:7)
[stacktrace]
#0 {main}
"} 
[2021-01-06 14:09:23] local.ERROR: syntax error, unexpected 'Class' (T_CLASS), expecting identifier (T_STRING) {"exception":"[object] (Symfony\\Component\\Debug\\Exception\\FatalErrorException(code: 4): syntax error, unexpected 'Class' (T_CLASS), expecting identifier (T_STRING) at D:\\xampp\\htdocs\\Grecon\\app\\Class.php:7)
[stacktrace]
#0 {main}
"} 
[2021-01-06 14:10:23] local.ERROR: syntax error, unexpected 'Class' (T_CLASS), expecting identifier (T_STRING) {"exception":"[object] (Symfony\\Component\\Debug\\Exception\\FatalErrorException(code: 4): syntax error, unexpected 'Class' (T_CLASS), expecting identifier (T_STRING) at D:\\xampp\\htdocs\\Grecon\\app\\Class.php:7)
[stacktrace]
#0 {main}
"} 
[2021-01-06 14:11:23] local.ERROR: syntax error, unexpected 'Class' (T_CLASS), expecting identifier (T_STRING) {"exception":"[object] (Symfony\\Component\\Debug\\Exception\\FatalErrorException(code: 4): syntax error, unexpected 'Class' (T_CLASS), expecting identifier (T_STRING) at D:\\xampp\\htdocs\\Grecon\\app\\Class.php:7)
[stacktrace]
#0 {main}
"} 
[2021-01-06 14:12:23] local.ERROR: syntax error, unexpected 'Class' (T_CLASS), expecting identifier (T_STRING) {"exception":"[object] (Symfony\\Component\\Debug\\Exception\\FatalErrorException(code: 4): syntax error, unexpected 'Class' (T_CLASS), expecting identifier (T_STRING) at D:\\xampp\\htdocs\\Grecon\\app\\Class.php:7)
[stacktrace]
#0 {main}
"} 
